<?xml version="1.0" encoding="utf-8"?><testsuites name="pytest tests"><testsuite name="pytest" errors="0" failures="0" skipped="1" tests="72" time="4.313" timestamp="2026-09-16T12:04:57.821456+00:00" hostname="localhost"><testcase classname="" name="tests.test_native" time="0.000"><skipped message="collection skipped">('/mnt/data/stsai-combat/tests/test_native.py', 4, 'Skipped: Native extension not compiled in this environment')</skipped></testcase><testcase classname="tests.test_bridge" name="test_bridge_whitelist_discards_secrets" time="0.020" /><testcase classname="tests.test_bridge" name="test_command_indices" time="0.000" /><testcase classname="tests.test_bridge" name="test_unsupported_relic_pauses" time="0.000" /><testcase classname="tests.test_bridge" name="test_unsupported_card_pauses" time="0.000" /><testcase classname="tests.test_bridge" name="test_hidden_intent_pauses" time="0.000" /><testcase classname="tests.test_bridge" name="test_native_potion_not_faked" time="0.000" /><testcase classname="tests.test_bridge" name="test_selection_screen_pauses" time="0.000" /><testcase classname="tests.test_bridge" name="test_execute_requires_checkpoint" time="0.002" /><testcase classname="tests.test_bridge" name="test_observe_only_never_plays" time="0.001" /><testcase classname="tests.test_fairness" name="test_forbidden_keys_rejected[ai_rng]" time="0.001" /><testcase classname="tests.test_fairness" name="test_forbidden_keys_rejected[draw_order]" time="0.001" /><testcase classname="tests.test_fairness" name="test_forbidden_keys_rejected[future_intents]" time="0.001" /><testcase classname="tests.test_fairness" name="test_forbidden_keys_rejected[hidden_state]" time="0.000" /><testcase classname="tests.test_fairness" name="test_forbidden_keys_rejected[rng]" time="0.000" /><testcase classname="tests.test_fairness" name="test_forbidden_keys_rejected[rng_state]" time="0.000" /><testcase classname="tests.test_fairness" name="test_forbidden_keys_rejected[seed]" time="0.000" /><testcase classname="tests.test_fairness" name="test_forbidden_keys_rejected[shuffle_rng]" time="0.001" /><testcase classname="tests.test_fairness" name="test_forbidden_keys_rejected[unique_id]" time="0.000" /><testcase classname="tests.test_fairness" name="test_forbidden_keys_rejected[uuid]" time="0.000" /><testcase classname="tests.test_fairness" name="test_hidden_order_not_observable" time="0.001" /><testcase classname="tests.test_fairness" name="test_root_sampling_matches_public" time="0.005" /><testcase classname="tests.test_fairness" name="test_samples_vary_future_not_root" time="0.007" /><testcase classname="tests.test_fairness" name="test_known_top_respected" time="0.002" /><testcase classname="tests.test_fairness" name="test_search_invariant_to_actual_hidden_rng_and_order" time="0.034" /><testcase classname="tests.test_fairness" name="test_sampler_rejects_changed_public_root" time="0.001" /><testcase classname="tests.test_fairness" name="test_noncanonical_draw_rejected" time="0.001" /><testcase classname="tests.test_fairness" name="test_duplicate_action_rejected" time="0.001" /><testcase classname="tests.test_pipeline" name="test_split_seed_namespaces" time="0.000" /><testcase classname="tests.test_pipeline" name="test_wilson_bounds" time="0.000" /><testcase classname="tests.test_pipeline" name="test_collection_train_eval_resume" time="1.398" /><testcase classname="tests.test_pipeline" name="test_truncation_mask" time="0.020" /><testcase classname="tests.test_pipeline" name="test_frozen_manifest" time="0.001" /><testcase classname="tests.test_pipeline" name="test_parallel_collection" time="1.236" /><testcase classname="tests.test_pipeline" name="test_all_shipped_configs_parse" time="0.001" /><testcase classname="tests.test_pipeline" name="test_native_missing_never_falls_back" time="0.001" /><testcase classname="tests.test_pipeline" name="test_collect_refuses_test_split" time="0.001" /><testcase classname="tests.test_pipeline" name="test_distinct_objective_rejected" time="0.360" /><testcase classname="tests.test_reference" name="test_attack_energy" time="0.001" /><testcase classname="tests.test_reference" name="test_block" time="0.001" /><testcase classname="tests.test_reference" name="test_bash_applies_after_damage" time="0.001" /><testcase classname="tests.test_reference" name="test_forged_damage_ignored" time="0.001" /><testcase classname="tests.test_reference" name="test_illegal_action_is_error" time="0.000" /><testcase classname="tests.test_reference" name="test_unaffordable_mask" time="0.000" /><testcase classname="tests.test_reference" name="test_exhaust_and_power" time="0.001" /><testcase classname="tests.test_reference" name="test_ethereal_at_turn_end" time="0.000" /><testcase classname="tests.test_reference" name="test_anger_copy" time="0.000" /><testcase classname="tests.test_reference" name="test_potion_slot_stable" time="0.000" /><testcase classname="tests.test_reference" name="test_death_and_win_terminal" time="0.000" /><testcase classname="tests.test_reference" name="test_player_death" time="0.000" /><testcase classname="tests.test_reference" name="test_deterministic_complete_episode[0]" time="0.015" /><testcase classname="tests.test_reference" name="test_deterministic_complete_episode[1]" time="0.010" /><testcase classname="tests.test_reference" name="test_deterministic_complete_episode[2]" time="0.017" /><testcase classname="tests.test_reference" name="test_deterministic_complete_episode[3]" time="0.007" /><testcase classname="tests.test_reference" name="test_deterministic_complete_episode[4]" time="0.017" /><testcase classname="tests.test_reference" name="test_deterministic_complete_episode[5]" time="0.009" /><testcase classname="tests.test_reference" name="test_deterministic_complete_episode[6]" time="0.011" /><testcase classname="tests.test_reference" name="test_deterministic_complete_episode[7]" time="0.016" /><testcase classname="tests.test_reference" name="test_bad_card_fails" time="0.000" /><testcase classname="tests.test_search_model" name="test_search_valid_visits" time="0.017" /><testcase classname="tests.test_search_model" name="test_search_takes_forced_lethal" time="0.005" /><testcase classname="tests.test_search_model" name="test_search_does_not_mutate_live" time="0.006" /><testcase classname="tests.test_search_model" name="test_masked_network_backward" time="0.010" /><testcase classname="tests.test_search_model" name="test_no_entity_or_action_truncation" time="0.001" /><testcase classname="tests.test_search_model" name="test_name_normalization[Strike_R-STRIKE]" time="0.000" /><testcase classname="tests.test_search_model" name="test_name_normalization[Shrug It Off-SHRUG_IT_OFF]" time="0.000" /><testcase classname="tests.test_search_model" name="test_name_normalization[AscendersBane-ASCENDERS_BANE]" time="0.000" /><testcase classname="tests.test_search_model" name="test_name_normalization[JawWorm-JAW_WORM]" time="0.000" /><testcase classname="tests.test_search_model" name="test_censored_outcome_not_death" time="0.001" /><testcase classname="tests.test_search_model" name="test_terminal_utility_and_distribution" time="0.000" /><testcase classname="tests.test_search_model" name="test_explicit_cuda_never_silent_cpu" time="0.000" /><testcase classname="tests.test_search_model" name="test_encoder_enforces_firewall" time="0.001" /></testsuite></testsuites>