<?xml version="1.0" encoding="utf-8"?><testsuites><testsuite name="pytest" errors="0" failures="0" skipped="0" tests="161" time="4.488" timestamp="2026-09-16T21:09:34.903125+08:00" hostname="32d3e7c857e9"><testcase classname="tests.test_bridge" name="test_bridge_whitelist_discards_secrets" time="0.001" /><testcase classname="tests.test_bridge" name="test_command_indices" time="0.000" /><testcase classname="tests.test_bridge" name="test_unsupported_relic_pauses" time="0.000" /><testcase classname="tests.test_bridge" name="test_unsupported_card_pauses" time="0.000" /><testcase classname="tests.test_bridge" name="test_hidden_intent_pauses" time="0.000" /><testcase classname="tests.test_bridge" name="test_native_potion_not_faked" time="0.000" /><testcase classname="tests.test_bridge" name="test_selection_screen_pauses" time="0.000" /><testcase classname="tests.test_bridge" name="test_execute_requires_checkpoint" time="0.003" /><testcase classname="tests.test_bridge" name="test_observe_only_never_plays" time="0.002" /><testcase classname="tests.test_fairness" name="test_forbidden_keys_rejected[ai_rng]" time="0.001" /><testcase classname="tests.test_fairness" name="test_forbidden_keys_rejected[draw_order]" time="0.001" /><testcase classname="tests.test_fairness" name="test_forbidden_keys_rejected[future_intents]" time="0.000" /><testcase classname="tests.test_fairness" name="test_forbidden_keys_rejected[hidden_state]" time="0.000" /><testcase classname="tests.test_fairness" name="test_forbidden_keys_rejected[rng]" time="0.000" /><testcase classname="tests.test_fairness" name="test_forbidden_keys_rejected[rng_state]" time="0.000" /><testcase classname="tests.test_fairness" name="test_forbidden_keys_rejected[seed]" time="0.000" /><testcase classname="tests.test_fairness" name="test_forbidden_keys_rejected[shuffle_rng]" time="0.000" /><testcase classname="tests.test_fairness" name="test_forbidden_keys_rejected[unique_id]" time="0.001" /><testcase classname="tests.test_fairness" name="test_forbidden_keys_rejected[uuid]" time="0.000" /><testcase classname="tests.test_fairness" name="test_hidden_order_not_observable" time="0.001" /><testcase classname="tests.test_fairness" name="test_root_sampling_matches_public" time="0.004" /><testcase classname="tests.test_fairness" name="test_samples_vary_future_not_root" time="0.006" /><testcase classname="tests.test_fairness" name="test_known_top_respected" time="0.002" /><testcase classname="tests.test_fairness" name="test_search_invariant_to_actual_hidden_rng_and_order" time="0.026" /><testcase classname="tests.test_fairness" name="test_sampler_rejects_changed_public_root" time="0.001" /><testcase classname="tests.test_fairness" name="test_noncanonical_draw_rejected" time="0.001" /><testcase classname="tests.test_fairness" name="test_duplicate_action_rejected" time="0.000" /><testcase classname="tests.test_native" name="test_native_playthrough_and_public_root[0]" time="0.016" /><testcase classname="tests.test_native" name="test_native_playthrough_and_public_root[1]" time="0.014" /><testcase classname="tests.test_native" name="test_native_playthrough_and_public_root[2]" time="0.018" /><testcase classname="tests.test_native" name="test_native_playthrough_and_public_root[3]" time="0.013" /><testcase classname="tests.test_native" name="test_native_playthrough_and_public_root[4]" time="0.013" /><testcase classname="tests.test_native" name="test_native_playthrough_and_public_root[5]" time="0.010" /><testcase classname="tests.test_native" name="test_native_playthrough_and_public_root[6]" time="0.022" /><testcase classname="tests.test_native" name="test_native_playthrough_and_public_root[7]" time="0.011" /><testcase classname="tests.test_native" name="test_native_playthrough_and_public_root[8]" time="0.012" /><testcase classname="tests.test_native" name="test_native_playthrough_and_public_root[9]" time="0.008" /><testcase classname="tests.test_native" name="test_native_playthrough_and_public_root[10]" time="0.013" /><testcase classname="tests.test_native" name="test_native_playthrough_and_public_root[11]" time="0.010" /><testcase classname="tests.test_native" name="test_native_search" time="0.027" /><testcase classname="tests.test_native" name="test_native_rejects_unsupported" time="0.001" /><testcase classname="tests.test_native" name="test_native_provenance" time="0.000" /><testcase classname="tests.test_native_coverage" name="test_card_is_offered_with_correct_cost[False-ANGER]" time="0.001" /><testcase classname="tests.test_native_coverage" name="test_card_is_offered_with_correct_cost[False-BASH]" time="0.001" /><testcase classname="tests.test_native_coverage" name="test_card_is_offered_with_correct_cost[False-BLUDGEON]" time="0.000" /><testcase classname="tests.test_native_coverage" name="test_card_is_offered_with_correct_cost[False-CARNAGE]" time="0.001" /><testcase classname="tests.test_native_coverage" name="test_card_is_offered_with_correct_cost[False-CLEAVE]" time="0.001" /><testcase classname="tests.test_native_coverage" name="test_card_is_offered_with_correct_cost[False-DEFEND_RED]" time="0.001" /><testcase classname="tests.test_native_coverage" name="test_card_is_offered_with_correct_cost[False-DISARM]" time="0.001" /><testcase classname="tests.test_native_coverage" name="test_card_is_offered_with_correct_cost[False-GHOSTLY_ARMOR]" time="0.001" /><testcase classname="tests.test_native_coverage" name="test_card_is_offered_with_correct_cost[False-HEAVY_BLADE]" time="0.001" /><testcase classname="tests.test_native_coverage" name="test_card_is_offered_with_correct_cost[False-IMPERVIOUS]" time="0.001" /><testcase classname="tests.test_native_coverage" name="test_card_is_offered_with_correct_cost[False-INFLAME]" time="0.001" /><testcase classname="tests.test_native_coverage" name="test_card_is_offered_with_correct_cost[False-IRON_WAVE]" time="0.001" /><testcase classname="tests.test_native_coverage" name="test_card_is_offered_with_correct_cost[False-METALLICIZE]" time="0.001" /><testcase classname="tests.test_native_coverage" name="test_card_is_offered_with_correct_cost[False-POMMEL_STRIKE]" time="0.001" /><testcase classname="tests.test_native_coverage" name="test_card_is_offered_with_correct_cost[False-SHRUG_IT_OFF]" time="0.001" /><testcase classname="tests.test_native_coverage" name="test_card_is_offered_with_correct_cost[False-STRIKE_RED]" time="0.001" /><testcase classname="tests.test_native_coverage" name="test_card_is_offered_with_correct_cost[False-THUNDERCLAP]" time="0.001" /><testcase classname="tests.test_native_coverage" name="test_card_is_offered_with_correct_cost[False-TWIN_STRIKE]" time="0.001" /><testcase classname="tests.test_native_coverage" name="test_card_is_offered_with_correct_cost[False-UPPERCUT]" time="0.001" /><testcase classname="tests.test_native_coverage" name="test_card_is_offered_with_correct_cost[False-WHIRLWIND]" time="0.003" /><testcase classname="tests.test_native_coverage" name="test_card_is_offered_with_correct_cost[False-ASCENDERS_BANE]" time="0.001" /><testcase classname="tests.test_native_coverage" name="test_card_is_offered_with_correct_cost[True-ANGER]" time="0.001" /><testcase classname="tests.test_native_coverage" name="test_card_is_offered_with_correct_cost[True-BASH]" time="0.001" /><testcase classname="tests.test_native_coverage" name="test_card_is_offered_with_correct_cost[True-BLUDGEON]" time="0.001" /><testcase classname="tests.test_native_coverage" name="test_card_is_offered_with_correct_cost[True-CARNAGE]" time="0.001" /><testcase classname="tests.test_native_coverage" name="test_card_is_offered_with_correct_cost[True-CLEAVE]" time="0.001" /><testcase classname="tests.test_native_coverage" name="test_card_is_offered_with_correct_cost[True-DEFEND_RED]" time="0.001" /><testcase classname="tests.test_native_coverage" name="test_card_is_offered_with_correct_cost[True-DISARM]" time="0.001" /><testcase classname="tests.test_native_coverage" name="test_card_is_offered_with_correct_cost[True-GHOSTLY_ARMOR]" time="0.001" /><testcase classname="tests.test_native_coverage" name="test_card_is_offered_with_correct_cost[True-HEAVY_BLADE]" time="0.001" /><testcase classname="tests.test_native_coverage" name="test_card_is_offered_with_correct_cost[True-IMPERVIOUS]" time="0.001" /><testcase classname="tests.test_native_coverage" name="test_card_is_offered_with_correct_cost[True-INFLAME]" time="0.000" /><testcase classname="tests.test_native_coverage" name="test_card_is_offered_with_correct_cost[True-IRON_WAVE]" time="0.001" /><testcase classname="tests.test_native_coverage" name="test_card_is_offered_with_correct_cost[True-METALLICIZE]" time="0.000" /><testcase classname="tests.test_native_coverage" name="test_card_is_offered_with_correct_cost[True-POMMEL_STRIKE]" time="0.001" /><testcase classname="tests.test_native_coverage" name="test_card_is_offered_with_correct_cost[True-SHRUG_IT_OFF]" time="0.001" /><testcase classname="tests.test_native_coverage" name="test_card_is_offered_with_correct_cost[True-STRIKE_RED]" time="0.001" /><testcase classname="tests.test_native_coverage" name="test_card_is_offered_with_correct_cost[True-THUNDERCLAP]" time="0.001" /><testcase classname="tests.test_native_coverage" name="test_card_is_offered_with_correct_cost[True-TWIN_STRIKE]" time="0.001" /><testcase classname="tests.test_native_coverage" name="test_card_is_offered_with_correct_cost[True-UPPERCUT]" time="0.001" /><testcase classname="tests.test_native_coverage" name="test_card_is_offered_with_correct_cost[True-WHIRLWIND]" time="0.001" /><testcase classname="tests.test_native_coverage" name="test_card_is_offered_with_correct_cost[True-ASCENDERS_BANE]" time="0.001" /><testcase classname="tests.test_native_coverage" name="test_single_target_attack_damage[STRIKE_RED-6-9]" time="0.002" /><testcase classname="tests.test_native_coverage" name="test_single_target_attack_damage[BASH-8-10]" time="0.001" /><testcase classname="tests.test_native_coverage" name="test_single_target_attack_damage[POMMEL_STRIKE-9-10]" time="0.001" /><testcase classname="tests.test_native_coverage" name="test_single_target_attack_damage[UPPERCUT-13-13]" time="0.001" /><testcase classname="tests.test_native_coverage" name="test_single_target_attack_damage[CARNAGE-20-28]" time="0.001" /><testcase classname="tests.test_native_coverage" name="test_single_target_attack_damage[HEAVY_BLADE-14-14]" time="0.001" /><testcase classname="tests.test_native_coverage" name="test_single_target_attack_damage[ANGER-6-8]" time="0.002" /><testcase classname="tests.test_native_coverage" name="test_single_target_attack_damage[BLUDGEON-32-42]" time="0.001" /><testcase classname="tests.test_native_coverage" name="test_single_target_attack_damage[IRON_WAVE-5-7]" time="0.001" /><testcase classname="tests.test_native_coverage" name="test_twin_strike_hits_twice" time="0.001" /><testcase classname="tests.test_native_coverage" name="test_cleave_hits_every_enemy" time="0.000" /><testcase classname="tests.test_native_coverage" name="test_whirlwind_spends_all_energy_and_scales" time="0.001" /><testcase classname="tests.test_native_coverage" name="test_block_gain[DEFEND_RED-5-8]" time="0.001" /><testcase classname="tests.test_native_coverage" name="test_block_gain[IRON_WAVE-5-7]" time="0.001" /><testcase classname="tests.test_native_coverage" name="test_block_gain[SHRUG_IT_OFF-8-11]" time="0.001" /><testcase classname="tests.test_native_coverage" name="test_block_gain[GHOSTLY_ARMOR-10-13]" time="0.001" /><testcase classname="tests.test_native_coverage" name="test_block_gain[IMPERVIOUS-30-40]" time="0.001" /><testcase classname="tests.test_native_coverage" name="test_pommel_strike_and_shrug_it_off_draw" time="0.002" /><testcase classname="tests.test_native_coverage" name="test_vulnerable_application[BASH-2-3]" time="0.001" /><testcase classname="tests.test_native_coverage" name="test_vulnerable_application[UPPERCUT-1-2]" time="0.001" /><testcase classname="tests.test_native_coverage" name="test_vulnerable_application[THUNDERCLAP-1-1]" time="0.001" /><testcase classname="tests.test_native_coverage" name="test_uppercut_applies_weak[1-2]" time="0.001" /><testcase classname="tests.test_native_coverage" name="test_disarm_reduces_enemy_strength_and_exhausts" time="0.001" /><testcase classname="tests.test_native_coverage" name="test_inflame_and_metallicize_are_powers" time="0.001" /><testcase classname="tests.test_native_coverage" name="test_impervious_and_ghostly_armor_flags" time="0.001" /><testcase classname="tests.test_native_coverage" name="test_carnage_is_ethereal" time="0.001" /><testcase classname="tests.test_native_coverage" name="test_anger_adds_a_copy_to_discard" time="0.001" /><testcase classname="tests.test_native_coverage" name="test_ascenders_bane_is_never_playable" time="0.000" /><testcase classname="tests.test_native_coverage" name="test_play_never_creates_or_destroys_cards_by_accident" time="0.005" /><testcase classname="tests.test_native_coverage" name="test_build_reports_the_locked_revision_and_patch_hashes" time="0.000" /><testcase classname="tests.test_native_coverage" name="test_cultist_covers_all_visible_moves" time="0.165" /><testcase classname="tests.test_native_coverage" name="test_jaw_worm_covers_all_visible_moves" time="0.133" /><testcase classname="tests.test_native_coverage" name="test_cultist_ritual_is_exported_as_a_power" time="0.000" /><testcase classname="tests.test_pipeline" name="test_split_seed_namespaces" time="0.000" /><testcase classname="tests.test_pipeline" name="test_wilson_bounds" time="0.000" /><testcase classname="tests.test_pipeline" name="test_collection_train_eval_resume" time="1.704" /><testcase classname="tests.test_pipeline" name="test_truncation_mask" time="0.035" /><testcase classname="tests.test_pipeline" name="test_frozen_manifest" time="0.002" /><testcase classname="tests.test_pipeline" name="test_parallel_collection" time="0.437" /><testcase classname="tests.test_pipeline" name="test_all_shipped_configs_parse" time="0.001" /><testcase classname="tests.test_pipeline" name="test_native_missing_never_falls_back" time="0.001" /><testcase classname="tests.test_pipeline" name="test_collect_refuses_test_split" time="0.002" /><testcase classname="tests.test_pipeline" name="test_distinct_objective_rejected" time="0.410" /><testcase classname="tests.test_reference" name="test_attack_energy" time="0.001" /><testcase classname="tests.test_reference" name="test_block" time="0.001" /><testcase classname="tests.test_reference" name="test_bash_applies_after_damage" time="0.001" /><testcase classname="tests.test_reference" name="test_forged_damage_ignored" time="0.000" /><testcase classname="tests.test_reference" name="test_illegal_action_is_error" time="0.000" /><testcase classname="tests.test_reference" name="test_unaffordable_mask" time="0.000" /><testcase classname="tests.test_reference" name="test_exhaust_and_power" time="0.000" /><testcase classname="tests.test_reference" name="test_ethereal_at_turn_end" time="0.000" /><testcase classname="tests.test_reference" name="test_anger_copy" time="0.000" /><testcase classname="tests.test_reference" name="test_potion_slot_stable" time="0.000" /><testcase classname="tests.test_reference" name="test_death_and_win_terminal" time="0.000" /><testcase classname="tests.test_reference" name="test_player_death" time="0.000" /><testcase classname="tests.test_reference" name="test_deterministic_complete_episode[0]" time="0.013" /><testcase classname="tests.test_reference" name="test_deterministic_complete_episode[1]" time="0.009" /><testcase classname="tests.test_reference" name="test_deterministic_complete_episode[2]" time="0.019" /><testcase classname="tests.test_reference" name="test_deterministic_complete_episode[3]" time="0.007" /><testcase classname="tests.test_reference" name="test_deterministic_complete_episode[4]" time="0.020" /><testcase classname="tests.test_reference" name="test_deterministic_complete_episode[5]" time="0.014" /><testcase classname="tests.test_reference" name="test_deterministic_complete_episode[6]" time="0.020" /><testcase classname="tests.test_reference" name="test_deterministic_complete_episode[7]" time="0.022" /><testcase classname="tests.test_reference" name="test_bad_card_fails" time="0.000" /><testcase classname="tests.test_search_model" name="test_search_valid_visits" time="0.024" /><testcase classname="tests.test_search_model" name="test_search_takes_forced_lethal" time="0.004" /><testcase classname="tests.test_search_model" name="test_search_does_not_mutate_live" time="0.004" /><testcase classname="tests.test_search_model" name="test_masked_network_backward" time="0.016" /><testcase classname="tests.test_search_model" name="test_no_entity_or_action_truncation" time="0.001" /><testcase classname="tests.test_search_model" name="test_name_normalization[Strike_R-STRIKE]" time="0.000" /><testcase classname="tests.test_search_model" name="test_name_normalization[Shrug It Off-SHRUG_IT_OFF]" time="0.000" /><testcase classname="tests.test_search_model" name="test_name_normalization[AscendersBane-ASCENDERS_BANE]" time="0.000" /><testcase classname="tests.test_search_model" name="test_name_normalization[JawWorm-JAW_WORM]" time="0.000" /><testcase classname="tests.test_search_model" name="test_censored_outcome_not_death" time="0.000" /><testcase classname="tests.test_search_model" name="test_terminal_utility_and_distribution" time="0.001" /><testcase classname="tests.test_search_model" name="test_explicit_cuda_never_silent_cpu" time="0.000" /><testcase classname="tests.test_search_model" name="test_encoder_enforces_firewall" time="0.001" /></testsuite></testsuites>