<?xml version="1.0" encoding="utf-8"?><testsuites><testsuite name="pytest" errors="0" failures="0" skipped="0" tests="277" time="6.661" timestamp="2026-09-18T17:09:19.745440+00:00" hostname="32d3e7c857e9"><testcase classname="tests.test_ambiguity_regression" name="test_the_reviewers_public_trace_replays" time="0.002" /><testcase classname="tests.test_ambiguity_regression" name="test_zeroed_damage_leaves_the_interval_ambiguous" time="0.119" /><testcase classname="tests.test_ambiguity_regression" name="test_same_turn_plan_change_is_not_recorded_as_an_execution" time="0.001" /><testcase classname="tests.test_bridge" name="test_bridge_whitelist_discards_secrets" time="0.000" /><testcase classname="tests.test_bridge" name="test_command_indices" time="0.000" /><testcase classname="tests.test_bridge" name="test_unsupported_relic_pauses" time="0.000" /><testcase classname="tests.test_bridge" name="test_unsupported_card_pauses" time="0.000" /><testcase classname="tests.test_bridge" name="test_hidden_intent_pauses" time="0.000" /><testcase classname="tests.test_bridge" name="test_native_potion_not_faked" time="0.000" /><testcase classname="tests.test_bridge" name="test_selection_screen_pauses" time="0.000" /><testcase classname="tests.test_bridge" name="test_execute_requires_checkpoint" time="0.003" /><testcase classname="tests.test_bridge" name="test_observe_only_never_plays" time="0.002" /><testcase classname="tests.test_diagnostic_stats.DiagnosticTests" name="test_cluster_weight_is_not_row_weight" time="0.008" /><testcase classname="tests.test_diagnostic_stats.DiagnosticTests" name="test_complex_design_rejected" time="0.000" /><testcase classname="tests.test_diagnostic_stats.DiagnosticTests" name="test_duplicate_pairs_rejected" time="0.000" /><testcase classname="tests.test_diagnostic_stats.DiagnosticTests" name="test_forced_actions_excluded_from_macro" time="0.001" /><testcase classname="tests.test_diagnostic_stats.DiagnosticTests" name="test_identical_predictions_paired_zero" time="0.001" /><testcase classname="tests.test_diagnostic_stats.DiagnosticTests" name="test_identity_random" time="0.003" /><testcase classname="tests.test_diagnostic_stats.DiagnosticTests" name="test_infinite_student_kl_rejected" time="0.000" /><testcase classname="tests.test_diagnostic_stats.DiagnosticTests" name="test_invalid_distribution_rejected" time="0.000" /><testcase classname="tests.test_diagnostic_stats.DiagnosticTests" name="test_pairwise_is_not_spread" time="0.000" /><testcase classname="tests.test_diagnostic_stats.DiagnosticTests" name="test_random_seed_reproducible" time="0.001" /><testcase classname="tests.test_diagnostic_stats.DiagnosticTests" name="test_teacher_mean_is_optimum_for_empirical_forward_kl" time="0.000" /><testcase classname="tests.test_diagnostic_stats.DiagnosticTests" name="test_zero_teacher_support_allowed" time="0.000" /><testcase classname="tests.test_encoding_public_range" name="test_every_legal_field_state_has_its_own_normalized_encoding" time="0.001" /><testcase classname="tests.test_encoding_public_range" name="test_not_applicable_is_not_the_same_input_as_a_known_zero" time="0.000" /><testcase classname="tests.test_encoding_public_range" name="test_only_the_public_interval_reaches_the_encoder" time="0.001" /><testcase classname="tests.test_encoding_public_range" name="test_a_native_observation_may_not_omit_the_memory" time="0.000" /><testcase classname="tests.test_encoding_public_range" name="test_a_backend_without_the_parameter_declares_it_absent" time="0.000" /><testcase classname="tests.test_engine_tree_check" name="test_the_series_applies_in_order_and_the_tree_then_matches" time="0.083" /><testcase classname="tests.test_engine_tree_check" name="test_applying_twice_does_not_apply_a_patch_again" time="0.083" /><testcase classname="tests.test_engine_tree_check" name="test_an_unregistered_extra_byte_in_a_touched_file_is_rejected" time="0.075" /><testcase classname="tests.test_engine_tree_check" name="test_a_removed_rule_hunk_is_rejected" time="0.074" /><testcase classname="tests.test_engine_tree_check" name="test_a_half_applied_series_is_not_a_complete_series" time="0.072" /><testcase classname="tests.test_engine_tree_check" name="test_an_unregistered_file_is_rejected" time="0.063" /><testcase classname="tests.test_entry_contracts" name="test_loss_numerators_rejects_a_broadcasting_decision_mask" time="0.003" /><testcase classname="tests.test_entry_contracts" name="test_every_head_must_share_one_batch" time="0.002" /><testcase classname="tests.test_entry_contracts" name="test_loss_numerators_rejects_length_and_rank_mismatches" time="0.001" /><testcase classname="tests.test_entry_contracts" name="test_the_accepting_batch_still_works" time="0.001" /><testcase classname="tests.test_entry_contracts" name="test_losses_returns_a_differentiable_tensor" time="0.001" /><testcase classname="tests.test_entry_contracts" name="test_load_checkpoint_rejects_stale_semantics" time="0.008" /><testcase classname="tests.test_entry_contracts" name="test_warm_start_and_resume_reject_the_same_stale_semantics" time="0.469" /><testcase classname="tests.test_entry_contracts" name="test_a_missing_revision_is_treated_as_the_old_one_not_the_current_one" time="0.000" /><testcase classname="tests.test_entry_contracts" name="test_every_entry_point_refuses_a_native_checkpoint_with_no_sampler_revision" time="0.097" /><testcase classname="tests.test_entry_contracts" name="test_current_semantics_still_load_and_train" time="0.106" /><testcase classname="tests.test_entry_contracts" name="test_dropped_tail_rows_counts_the_short_window" time="0.075" /><testcase classname="tests.test_fairness" name="test_forbidden_keys_rejected[ai_rng]" time="0.001" /><testcase classname="tests.test_fairness" name="test_forbidden_keys_rejected[combat_events]" time="0.000" /><testcase classname="tests.test_fairness" name="test_forbidden_keys_rejected[draw_order]" time="0.000" /><testcase classname="tests.test_fairness" name="test_forbidden_keys_rejected[executed_moves]" time="0.000" /><testcase classname="tests.test_fairness" name="test_forbidden_keys_rejected[future_intents]" time="0.000" /><testcase classname="tests.test_fairness" name="test_forbidden_keys_rejected[held_moves]" time="0.000" /><testcase classname="tests.test_fairness" name="test_forbidden_keys_rejected[hidden_state]" time="0.000" /><testcase classname="tests.test_fairness" name="test_forbidden_keys_rejected[miscinfo]" time="0.000" /><testcase classname="tests.test_fairness" name="test_forbidden_keys_rejected[public_attack_base]" time="0.000" /><testcase classname="tests.test_fairness" name="test_forbidden_keys_rejected[rng]" time="0.000" /><testcase classname="tests.test_fairness" name="test_forbidden_keys_rejected[rng_state]" time="0.000" /><testcase classname="tests.test_fairness" name="test_forbidden_keys_rejected[seed]" time="0.000" /><testcase classname="tests.test_fairness" name="test_forbidden_keys_rejected[shuffle_rng]" time="0.000" /><testcase classname="tests.test_fairness" name="test_forbidden_keys_rejected[true_attack_bases]" time="0.000" /><testcase classname="tests.test_fairness" name="test_forbidden_keys_rejected[unique_id]" time="0.000" /><testcase classname="tests.test_fairness" name="test_forbidden_keys_rejected[uuid]" time="0.000" /><testcase classname="tests.test_fairness" name="test_hidden_order_not_observable" time="0.001" /><testcase classname="tests.test_fairness" name="test_root_sampling_matches_public" time="0.004" /><testcase classname="tests.test_fairness" name="test_samples_vary_future_not_root" time="0.005" /><testcase classname="tests.test_fairness" name="test_known_top_respected" time="0.001" /><testcase classname="tests.test_fairness" name="test_search_invariant_to_actual_hidden_rng_and_order" time="0.025" /><testcase classname="tests.test_fairness" name="test_sampler_rejects_changed_public_root" time="0.001" /><testcase classname="tests.test_fairness" name="test_noncanonical_draw_rejected" time="0.000" /><testcase classname="tests.test_fairness" name="test_duplicate_action_rejected" time="0.000" /><testcase classname="tests.test_louse_hidden_base" name="test_the_base_range_is_public_and_the_true_value_is_not" time="0.004" /><testcase classname="tests.test_louse_hidden_base" name="test_an_attack_display_pins_the_base" time="0.003" /><testcase classname="tests.test_louse_hidden_base" name="test_two_roots_same_public_history_different_hidden_base_agree_under_the_fixed_sampler" time="0.031" /><testcase classname="tests.test_louse_hidden_base" name="test_negative_control_the_prefix_sampler_exposes_the_dependency" time="0.007" /><testcase classname="tests.test_louse_hidden_base" name="test_a_pinned_base_is_not_re_randomised" time="0.003" /><testcase classname="tests.test_native" name="test_native_playthrough_and_public_root[0]" time="0.015" /><testcase classname="tests.test_native" name="test_native_playthrough_and_public_root[1]" time="0.016" /><testcase classname="tests.test_native" name="test_native_playthrough_and_public_root[2]" time="0.009" /><testcase classname="tests.test_native" name="test_native_playthrough_and_public_root[3]" time="0.014" /><testcase classname="tests.test_native" name="test_native_playthrough_and_public_root[4]" time="0.008" /><testcase classname="tests.test_native" name="test_native_playthrough_and_public_root[5]" time="0.009" /><testcase classname="tests.test_native" name="test_native_playthrough_and_public_root[6]" time="0.014" /><testcase classname="tests.test_native" name="test_native_playthrough_and_public_root[7]" time="0.010" /><testcase classname="tests.test_native" name="test_native_playthrough_and_public_root[8]" time="0.010" /><testcase classname="tests.test_native" name="test_native_playthrough_and_public_root[9]" time="0.010" /><testcase classname="tests.test_native" name="test_native_playthrough_and_public_root[10]" time="0.019" /><testcase classname="tests.test_native" name="test_native_playthrough_and_public_root[11]" time="0.009" /><testcase classname="tests.test_native" name="test_native_search" time="0.015" /><testcase classname="tests.test_native" name="test_native_rejects_unsupported" time="0.000" /><testcase classname="tests.test_native" name="test_native_provenance" time="0.000" /><testcase classname="tests.test_native_coverage" name="test_ascenders_bane_cannot_be_upgraded" time="0.000" /><testcase classname="tests.test_native_coverage" name="test_card_is_offered_with_correct_cost[ANGER-False]" time="0.000" /><testcase classname="tests.test_native_coverage" name="test_card_is_offered_with_correct_cost[ANGER-True]" time="0.000" /><testcase classname="tests.test_native_coverage" name="test_card_is_offered_with_correct_cost[BASH-False]" time="0.000" /><testcase classname="tests.test_native_coverage" name="test_card_is_offered_with_correct_cost[BASH-True]" time="0.000" /><testcase classname="tests.test_native_coverage" name="test_card_is_offered_with_correct_cost[BLUDGEON-False]" time="0.000" /><testcase classname="tests.test_native_coverage" name="test_card_is_offered_with_correct_cost[BLUDGEON-True]" time="0.000" /><testcase classname="tests.test_native_coverage" name="test_card_is_offered_with_correct_cost[CARNAGE-False]" time="0.000" /><testcase classname="tests.test_native_coverage" name="test_card_is_offered_with_correct_cost[CARNAGE-True]" time="0.000" /><testcase classname="tests.test_native_coverage" name="test_card_is_offered_with_correct_cost[CLEAVE-False]" time="0.000" /><testcase classname="tests.test_native_coverage" name="test_card_is_offered_with_correct_cost[CLEAVE-True]" time="0.000" /><testcase classname="tests.test_native_coverage" name="test_card_is_offered_with_correct_cost[DEFEND_RED-False]" time="0.000" /><testcase classname="tests.test_native_coverage" name="test_card_is_offered_with_correct_cost[DEFEND_RED-True]" time="0.000" /><testcase classname="tests.test_native_coverage" name="test_card_is_offered_with_correct_cost[DISARM-False]" time="0.000" /><testcase classname="tests.test_native_coverage" name="test_card_is_offered_with_correct_cost[DISARM-True]" time="0.000" /><testcase classname="tests.test_native_coverage" name="test_card_is_offered_with_correct_cost[GHOSTLY_ARMOR-False]" time="0.000" /><testcase classname="tests.test_native_coverage" name="test_card_is_offered_with_correct_cost[GHOSTLY_ARMOR-True]" time="0.000" /><testcase classname="tests.test_native_coverage" name="test_card_is_offered_with_correct_cost[HEAVY_BLADE-False]" time="0.000" /><testcase classname="tests.test_native_coverage" name="test_card_is_offered_with_correct_cost[HEAVY_BLADE-True]" time="0.000" /><testcase classname="tests.test_native_coverage" name="test_card_is_offered_with_correct_cost[IMPERVIOUS-False]" time="0.000" /><testcase classname="tests.test_native_coverage" name="test_card_is_offered_with_correct_cost[IMPERVIOUS-True]" time="0.000" /><testcase classname="tests.test_native_coverage" name="test_card_is_offered_with_correct_cost[INFLAME-False]" time="0.001" /><testcase classname="tests.test_native_coverage" name="test_card_is_offered_with_correct_cost[INFLAME-True]" time="0.000" /><testcase classname="tests.test_native_coverage" name="test_card_is_offered_with_correct_cost[IRON_WAVE-False]" time="0.000" /><testcase classname="tests.test_native_coverage" name="test_card_is_offered_with_correct_cost[IRON_WAVE-True]" time="0.000" /><testcase classname="tests.test_native_coverage" name="test_card_is_offered_with_correct_cost[METALLICIZE-False]" time="0.000" /><testcase classname="tests.test_native_coverage" name="test_card_is_offered_with_correct_cost[METALLICIZE-True]" time="0.000" /><testcase classname="tests.test_native_coverage" name="test_card_is_offered_with_correct_cost[POMMEL_STRIKE-False]" time="0.000" /><testcase classname="tests.test_native_coverage" name="test_card_is_offered_with_correct_cost[POMMEL_STRIKE-True]" time="0.000" /><testcase classname="tests.test_native_coverage" name="test_card_is_offered_with_correct_cost[SHRUG_IT_OFF-False]" time="0.000" /><testcase classname="tests.test_native_coverage" name="test_card_is_offered_with_correct_cost[SHRUG_IT_OFF-True]" time="0.000" /><testcase classname="tests.test_native_coverage" name="test_card_is_offered_with_correct_cost[STRIKE_RED-False]" time="0.000" /><testcase classname="tests.test_native_coverage" name="test_card_is_offered_with_correct_cost[STRIKE_RED-True]" time="0.000" /><testcase classname="tests.test_native_coverage" name="test_card_is_offered_with_correct_cost[THUNDERCLAP-False]" time="0.000" /><testcase classname="tests.test_native_coverage" name="test_card_is_offered_with_correct_cost[THUNDERCLAP-True]" time="0.000" /><testcase classname="tests.test_native_coverage" name="test_card_is_offered_with_correct_cost[TWIN_STRIKE-False]" time="0.000" /><testcase classname="tests.test_native_coverage" name="test_card_is_offered_with_correct_cost[TWIN_STRIKE-True]" time="0.000" /><testcase classname="tests.test_native_coverage" name="test_card_is_offered_with_correct_cost[UPPERCUT-False]" time="0.000" /><testcase classname="tests.test_native_coverage" name="test_card_is_offered_with_correct_cost[UPPERCUT-True]" time="0.000" /><testcase classname="tests.test_native_coverage" name="test_card_is_offered_with_correct_cost[WHIRLWIND-False]" time="0.000" /><testcase classname="tests.test_native_coverage" name="test_card_is_offered_with_correct_cost[WHIRLWIND-True]" time="0.000" /><testcase classname="tests.test_native_coverage" name="test_card_is_offered_with_correct_cost[SLIMED-False]" time="0.000" /><testcase classname="tests.test_native_coverage" name="test_card_is_offered_with_correct_cost[ASCENDERS_BANE-False]" time="0.000" /><testcase classname="tests.test_native_coverage" name="test_card_is_offered_with_correct_cost[DAZED-False]" time="0.000" /><testcase classname="tests.test_native_coverage" name="test_single_target_attack_damage[STRIKE_RED-6-9]" time="0.001" /><testcase classname="tests.test_native_coverage" name="test_single_target_attack_damage[BASH-8-10]" time="0.001" /><testcase classname="tests.test_native_coverage" name="test_single_target_attack_damage[POMMEL_STRIKE-9-10]" time="0.001" /><testcase classname="tests.test_native_coverage" name="test_single_target_attack_damage[UPPERCUT-13-13]" time="0.001" /><testcase classname="tests.test_native_coverage" name="test_single_target_attack_damage[CARNAGE-20-28]" time="0.001" /><testcase classname="tests.test_native_coverage" name="test_single_target_attack_damage[HEAVY_BLADE-14-14]" time="0.001" /><testcase classname="tests.test_native_coverage" name="test_single_target_attack_damage[ANGER-6-8]" time="0.001" /><testcase classname="tests.test_native_coverage" name="test_single_target_attack_damage[BLUDGEON-32-42]" time="0.001" /><testcase classname="tests.test_native_coverage" name="test_single_target_attack_damage[IRON_WAVE-5-7]" time="0.001" /><testcase classname="tests.test_native_coverage" name="test_twin_strike_hits_twice" time="0.001" /><testcase classname="tests.test_native_coverage" name="test_cleave_hits_every_enemy" time="0.000" /><testcase classname="tests.test_native_coverage" name="test_whirlwind_spends_all_energy_and_scales" time="0.001" /><testcase classname="tests.test_native_coverage" name="test_block_gain[DEFEND_RED-5-8]" time="0.001" /><testcase classname="tests.test_native_coverage" name="test_block_gain[IRON_WAVE-5-7]" time="0.001" /><testcase classname="tests.test_native_coverage" name="test_block_gain[SHRUG_IT_OFF-8-11]" time="0.001" /><testcase classname="tests.test_native_coverage" name="test_block_gain[GHOSTLY_ARMOR-10-13]" time="0.001" /><testcase classname="tests.test_native_coverage" name="test_block_gain[IMPERVIOUS-30-40]" time="0.001" /><testcase classname="tests.test_native_coverage" name="test_pommel_strike_and_shrug_it_off_draw" time="0.001" /><testcase classname="tests.test_native_coverage" name="test_vulnerable_application[BASH-2-3]" time="0.001" /><testcase classname="tests.test_native_coverage" name="test_vulnerable_application[UPPERCUT-1-2]" time="0.001" /><testcase classname="tests.test_native_coverage" name="test_vulnerable_application[THUNDERCLAP-1-1]" time="0.001" /><testcase classname="tests.test_native_coverage" name="test_uppercut_applies_weak[1-2]" time="0.001" /><testcase classname="tests.test_native_coverage" name="test_disarm_reduces_enemy_strength_and_exhausts" time="0.001" /><testcase classname="tests.test_native_coverage" name="test_inflame_and_metallicize_are_powers" time="0.001" /><testcase classname="tests.test_native_coverage" name="test_impervious_and_ghostly_armor_flags" time="0.000" /><testcase classname="tests.test_native_coverage" name="test_carnage_is_ethereal" time="0.000" /><testcase classname="tests.test_native_coverage" name="test_anger_adds_a_copy_to_discard" time="0.001" /><testcase classname="tests.test_native_coverage" name="test_ascenders_bane_is_never_playable" time="0.000" /><testcase classname="tests.test_native_coverage" name="test_play_never_creates_or_destroys_cards_by_accident" time="0.004" /><testcase classname="tests.test_native_coverage" name="test_build_reports_the_locked_revision_and_patch_hashes" time="0.000" /><testcase classname="tests.test_native_coverage" name="test_encounter_stays_inside_its_declared_move_space[BLUE_SLAVER]" time="0.068" /><testcase classname="tests.test_native_coverage" name="test_encounter_stays_inside_its_declared_move_space[CULTIST]" time="0.035" /><testcase classname="tests.test_native_coverage" name="test_encounter_stays_inside_its_declared_move_space[EXORDIUM_THUGS]" time="0.088" /><testcase classname="tests.test_native_coverage" name="test_encounter_stays_inside_its_declared_move_space[EXORDIUM_WILDLIFE]" time="0.059" /><testcase classname="tests.test_native_coverage" name="test_encounter_stays_inside_its_declared_move_space[GREMLIN_GANG]" time="0.028" /><testcase classname="tests.test_native_coverage" name="test_encounter_stays_inside_its_declared_move_space[GREMLIN_NOB]" time="0.042" /><testcase classname="tests.test_native_coverage" name="test_encounter_stays_inside_its_declared_move_space[JAW_WORM]" time="0.055" /><testcase classname="tests.test_native_coverage" name="test_encounter_stays_inside_its_declared_move_space[LAGAVULIN]" time="0.064" /><testcase classname="tests.test_native_coverage" name="test_encounter_stays_inside_its_declared_move_space[LARGE_SLIME]" time="0.122" /><testcase classname="tests.test_native_coverage" name="test_encounter_stays_inside_its_declared_move_space[LOOTER]" time="0.017" /><testcase classname="tests.test_native_coverage" name="test_encounter_stays_inside_its_declared_move_space[LOTS_OF_SLIMES]" time="0.044" /><testcase classname="tests.test_native_coverage" name="test_encounter_stays_inside_its_declared_move_space[RED_SLAVER]" time="0.072" /><testcase classname="tests.test_native_coverage" name="test_encounter_stays_inside_its_declared_move_space[SMALL_SLIMES]" time="0.113" /><testcase classname="tests.test_native_coverage" name="test_encounter_stays_inside_its_declared_move_space[THREE_LOUSE]" time="0.045" /><testcase classname="tests.test_native_coverage" name="test_encounter_stays_inside_its_declared_move_space[THREE_SENTRIES]" time="0.152" /><testcase classname="tests.test_native_coverage" name="test_encounter_stays_inside_its_declared_move_space[TWO_FUNGI_BEASTS]" time="0.042" /><testcase classname="tests.test_native_coverage" name="test_encounter_stays_inside_its_declared_move_space[TWO_LOUSE]" time="0.056" /><testcase classname="tests.test_native_coverage" name="test_fixed_encounter_covers_every_visible_branch[CULTIST]" time="0.035" /><testcase classname="tests.test_native_coverage" name="test_fixed_encounter_covers_every_visible_branch[JAW_WORM]" time="0.057" /><testcase classname="tests.test_native_coverage" name="test_fixed_encounter_covers_every_visible_branch[BLUE_SLAVER]" time="0.068" /><testcase classname="tests.test_native_coverage" name="test_fixed_encounter_covers_every_visible_branch[RED_SLAVER]" time="0.067" /><testcase classname="tests.test_native_coverage" name="test_fixed_encounter_covers_every_visible_branch[TWO_FUNGI_BEASTS]" time="0.043" /><testcase classname="tests.test_native_coverage" name="test_fixed_encounter_covers_every_visible_branch[LOOTER]" time="0.017" /><testcase classname="tests.test_native_coverage" name="test_fixed_encounter_covers_every_visible_branch[GREMLIN_NOB]" time="0.042" /><testcase classname="tests.test_native_coverage" name="test_fixed_encounter_covers_every_visible_branch[LAGAVULIN]" time="0.062" /><testcase classname="tests.test_native_coverage" name="test_fixed_encounter_covers_every_visible_branch[THREE_SENTRIES]" time="0.156" /><testcase classname="tests.test_native_coverage" name="test_cultist_ritual_is_exported_as_a_power" time="0.000" /><testcase classname="tests.test_native_coverage" name="test_gremlin_nob_follows_the_a18_fixed_pattern" time="0.002" /><testcase classname="tests.test_native_coverage" name="test_observe_exports_no_internal_move" time="0.001" /><testcase classname="tests.test_native_coverage" name="test_intent_is_a_documented_public_class" time="0.022" /><testcase classname="tests.test_native_coverage" name="test_previous_intent_only_ever_reports_an_executed_move" time="0.000" /><testcase classname="tests.test_native_coverage" name="test_enemy_powers_are_exported_generically" time="0.002" /><testcase classname="tests.test_native_coverage" name="test_intent_table_matches_its_generator" time="0.030" /><testcase classname="tests.test_native_coverage" name="test_every_supported_move_has_an_audited_public_intent" time="0.000" /><testcase classname="tests.test_native_coverage" name="test_the_field_audit_does_not_decide_categories_by_scan" time="0.000" /><testcase classname="tests.test_native_coverage" name="test_the_louse_field_is_audited_as_resampled" time="0.000" /><testcase classname="tests.test_native_coverage" name="test_the_engine_lock_declares_exactly_the_patches_on_disk" time="0.001" /><testcase classname="tests.test_native_fairness" name="test_same_public_history_different_hidden_draw_order_samples_identically" time="0.012" /><testcase classname="tests.test_native_fairness" name="test_every_distinct_hidden_state_shares_one_belief" time="0.033" /><testcase classname="tests.test_native_fairness" name="test_hidden_state_never_appears_in_the_observation" time="0.000" /><testcase classname="tests.test_native_fairness" name="test_public_root_check_detects_a_genuine_difference" time="0.000" /><testcase classname="tests.test_native_fairness" name="test_the_class_held_at_turn_n_is_reported_executed_at_turn_n_plus_one" time="0.001" /><testcase classname="tests.test_native_fairness" name="test_repeated_observes_do_not_advance_history" time="0.001" /><testcase classname="tests.test_native_fairness" name="test_playing_a_card_without_ending_the_turn_does_not_advance_history" time="0.001" /><testcase classname="tests.test_native_fairness" name="test_an_enemy_killed_before_it_acts_reports_no_new_execution" time="0.001" /><testcase classname="tests.test_native_fairness" name="test_a_move_that_ends_the_battle_is_still_reported_executed" time="0.001" /><testcase classname="tests.test_native_fairness" name="test_history_is_not_shared_across_belief_samples" time="0.001" /><testcase classname="tests.test_native_fairness" name="test_observe_still_exports_only_public_fields" time="0.001" /><testcase classname="tests.test_native_fairness" name="test_the_held_move_is_determined_by_public_information" time="0.774" /><testcase classname="tests.test_native_fairness" name="test_a_monster_that_never_acted_reports_none" time="0.001" /><testcase classname="tests.test_native_fairness" name="test_the_move_that_ends_the_battle_is_recorded_from_the_event" time="0.001" /><testcase classname="tests.test_native_fairness" name="test_observations_are_idempotent_under_repeated_calls" time="0.001" /><testcase classname="tests.test_native_fairness" name="test_a_new_entity_does_not_inherit_the_old_slot_history" time="0.001" /><testcase classname="tests.test_native_fairness" name="test_enemies_after_the_killing_blow_never_acted" time="0.001" /><testcase classname="tests.test_native_fairness" name="test_negative_control_the_prefix_rule_would_invent_an_action" time="0.001" /><testcase classname="tests.test_pipeline" name="test_split_seed_namespaces" time="0.000" /><testcase classname="tests.test_pipeline" name="test_wilson_bounds" time="0.000" /><testcase classname="tests.test_pipeline" name="test_collection_train_eval_resume" time="0.559" /><testcase classname="tests.test_pipeline" name="test_truncation_mask" time="0.017" /><testcase classname="tests.test_pipeline" name="test_frozen_manifest" time="0.002" /><testcase classname="tests.test_pipeline" name="test_parallel_collection" time="0.280" /><testcase classname="tests.test_pipeline" name="test_all_shipped_configs_parse" time="0.001" /><testcase classname="tests.test_pipeline" name="test_native_missing_never_falls_back" time="0.000" /><testcase classname="tests.test_pipeline" name="test_collect_refuses_test_split" time="0.002" /><testcase classname="tests.test_pipeline" name="test_distinct_objective_rejected" time="0.256" /><testcase classname="tests.test_reference" name="test_attack_energy" time="0.000" /><testcase classname="tests.test_reference" name="test_block" time="0.000" /><testcase classname="tests.test_reference" name="test_bash_applies_after_damage" time="0.001" /><testcase classname="tests.test_reference" name="test_forged_damage_ignored" time="0.000" /><testcase classname="tests.test_reference" name="test_illegal_action_is_error" time="0.000" /><testcase classname="tests.test_reference" name="test_unaffordable_mask" time="0.000" /><testcase classname="tests.test_reference" name="test_exhaust_and_power" time="0.000" /><testcase classname="tests.test_reference" name="test_ethereal_at_turn_end" time="0.000" /><testcase classname="tests.test_reference" name="test_anger_copy" time="0.000" /><testcase classname="tests.test_reference" name="test_potion_slot_stable" time="0.000" /><testcase classname="tests.test_reference" name="test_death_and_win_terminal" time="0.000" /><testcase classname="tests.test_reference" name="test_player_death" time="0.000" /><testcase classname="tests.test_reference" name="test_deterministic_complete_episode[0]" time="0.009" /><testcase classname="tests.test_reference" name="test_deterministic_complete_episode[1]" time="0.006" /><testcase classname="tests.test_reference" name="test_deterministic_complete_episode[2]" time="0.011" /><testcase classname="tests.test_reference" name="test_deterministic_complete_episode[3]" time="0.004" /><testcase classname="tests.test_reference" name="test_deterministic_complete_episode[4]" time="0.011" /><testcase classname="tests.test_reference" name="test_deterministic_complete_episode[5]" time="0.006" /><testcase classname="tests.test_reference" name="test_deterministic_complete_episode[6]" time="0.007" /><testcase classname="tests.test_reference" name="test_deterministic_complete_episode[7]" time="0.011" /><testcase classname="tests.test_reference" name="test_bad_card_fails" time="0.000" /><testcase classname="tests.test_review_gate" name="test_public_attack_base_reaches_encoder" time="0.001" /><testcase classname="tests.test_review_gate" name="test_native_checkpoint_requires_sampler_revision" time="0.000" /><testcase classname="tests.test_review_gate" name="test_outcome_batch_cannot_broadcast_across_policy_batch" time="0.000" /><testcase classname="tests.test_search_model" name="test_search_valid_visits" time="0.011" /><testcase classname="tests.test_search_model" name="test_search_takes_forced_lethal" time="0.003" /><testcase classname="tests.test_search_model" name="test_search_does_not_mutate_live" time="0.004" /><testcase classname="tests.test_search_model" name="test_masked_network_backward" time="0.007" /><testcase classname="tests.test_search_model" name="test_no_entity_or_action_truncation" time="0.001" /><testcase classname="tests.test_search_model" name="test_name_normalization[Strike_R-STRIKE]" time="0.000" /><testcase classname="tests.test_search_model" name="test_name_normalization[Shrug It Off-SHRUG_IT_OFF]" time="0.000" /><testcase classname="tests.test_search_model" name="test_name_normalization[AscendersBane-ASCENDERS_BANE]" time="0.000" /><testcase classname="tests.test_search_model" name="test_name_normalization[JawWorm-JAW_WORM]" time="0.000" /><testcase classname="tests.test_search_model" name="test_censored_outcome_not_death" time="0.000" /><testcase classname="tests.test_search_model" name="test_terminal_utility_and_distribution" time="0.000" /><testcase classname="tests.test_search_model" name="test_explicit_cuda_never_silent_cpu" time="0.000" /><testcase classname="tests.test_search_model" name="test_encoder_enforces_firewall" time="0.000" /><testcase classname="tests.test_training_loss" name="test_policy_term_hand_computed" time="0.000" /><testcase classname="tests.test_training_loss" name="test_policy_term_rejects_rank_two" time="0.000" /><testcase classname="tests.test_training_loss" name="test_policy_term_rejects_length_mismatch" time="0.000" /><testcase classname="tests.test_training_loss" name="test_loss_revision_recorded" time="0.000" /><testcase classname="tests.test_training_loss" name="test_hand_computed_effective_batch_mean_is_three_not_two_point_five" time="0.000" /><testcase classname="tests.test_training_loss" name="test_effective_batch_mean_ignores_the_partitioning" time="0.000" /><testcase classname="tests.test_training_loss" name="test_all_forced_batch_is_finite_and_has_zero_policy_gradient" time="0.001" /><testcase classname="tests.test_training_loss" name="test_auxiliary_terms_match_an_explicit_reference" time="0.001" /><testcase classname="tests.test_training_loss" name="test_effective_batch_partition_invariance_end_to_end" time="0.152" /><testcase classname="tests.test_training_loss" name="test_validation_aggregates_are_independent_of_batch_size" time="0.040" /><testcase classname="tests.test_training_loss" name="test_logged_total_equals_the_three_aggregates" time="0.042" /></testsuite></testsuites>